生成启动时间为 2019/4/17 8:58:42。
     1>项目“F:\比特科技\作业.c\02\02\02.vcxproj”在节点 2 上(Build 个目标)。
     1>ClCompile:
         D:\Program Files (x86)\Microsoft Visual Studio 12.0\VC\bin\CL.exe /c /ZI /nologo /W3 /WX- /sdl /Od /Oy- /D _MBCS /Gm /EHsc /RTC1 /MDd /GS /fp:precise /Zc:wchar_t /Zc:forScope /Fo"Debug\\" /Fd"Debug\vc120.pdb" /Gd /TC /analyze- /errorReport:prompt 02p1.c 02p2.c 02p3.c 02p4.c 02p5.c
         02p5.c
         02p4.c
         02p3.c
         02p2.c
         02p1.c
         正在生成代码...
       Link:
         D:\Program Files (x86)\Microsoft Visual Studio 12.0\VC\bin\link.exe /ERRORREPORT:PROMPT /OUT:"F:\比特科技\作业.c\02\Debug\02.exe" /INCREMENTAL /NOLOGO kernel32.lib user32.lib gdi32.lib winspool.lib comdlg32.lib advapi32.lib shell32.lib ole32.lib oleaut32.lib uuid.lib odbc32.lib odbccp32.lib /MANIFEST /MANIFESTUAC:"level='asInvoker' uiAccess='false'" /manifest:embed /DEBUG /PDB:"F:\比特科技\作业.c\02\Debug\02.pdb" /TLBID:1 /DYNAMICBASE /NXCOMPAT /IMPLIB:"F:\比特科技\作业.c\02\Debug\02.lib" /MACHINE:X86 Debug\02p1.obj
         Debug\02p2.obj
         Debug\02p3.obj
         Debug\02p4.obj
         Debug\02p5.obj
         02.vcxproj -> F:\比特科技\作业.c\02\Debug\02.exe
     1>已完成生成项目“F:\比特科技\作业.c\02\02\02.vcxproj”(Build 个目标)的操作。

生成成功。

已用时间 00:00:01.84
